# JRE version: OpenJDK Runtime Environment (7.0_65-b32) (build 1.7.0_65-b32)
# Java VM: OpenJDK 64-Bit Server VM (24.65-b04 mixed mode linux-amd64 compressed oops)
Heap
 PSYoungGen      total 413184K, used 3968K [0x00000007d7000000, 0x00000007f0c00000, 0x0000000800000000)
  eden space 404992K, 0% used [0x00000007d7000000,0x00000007d7000000,0x00000007efb80000)
  from space 8192K, 48% used [0x00000007efb80000,0x00000007eff60000,0x00000007f0380000)
  to   space 7680K, 0% used [0x00000007f0380000,0x00000007f0380000,0x00000007f0b00000)
 ParOldGen       total 83968K, used 18340K [0x0000000785000000, 0x000000078a200000, 0x00000007d7000000)
  object space 83968K, 21% used [0x0000000785000000,0x00000007861e90e8,0x000000078a200000)
 PSPermGen       total 25600K, used 25363K [0x000000077aa00000, 0x000000077c300000, 0x0000000785000000)
  object space 25600K, 99% used [0x000000077aa00000,0x000000077c2c4c30,0x000000077c300000)
GC Heap History (10 events):
Event: 5.192 GC heap after
Heap after GC invocations=6 (full 0):
 PSYoungGen      total 134656K, used 6192K [0x00000007d7000000, 0x00000007dfb00000, 0x0000000800000000)
  eden space 126976K, 0% used [0x00000007d7000000,0x00000007d7000000,0x00000007dec00000)
  from space 7680K, 80% used [0x00000007df380000,0x00000007df98c010,0x00000007dfb00000)
  to   space 7680K, 0% used [0x00000007dec00000,0x00000007dec00000,0x00000007df380000)
 ParOldGen       total 83968K, used 4801K [0x0000000785000000, 0x000000078a200000, 0x00000007d7000000)
  object space 83968K, 5% used [0x0000000785000000,0x00000007854b0760,0x000000078a200000)
 PSPermGen       total 23552K, used 23418K [0x000000077aa00000, 0x000000077c100000, 0x0000000785000000)
  object space 23552K, 99% used [0x000000077aa00000,0x000000077c0de9e8,0x000000077c100000)
}
Event: 5.444 GC heap before
{Heap before GC invocations=7 (full 0):
 PSYoungGen      total 134656K, used 133168K [0x00000007d7000000, 0x00000007dfb00000, 0x0000000800000000)
  eden space 126976K, 100% used [0x00000007d7000000,0x00000007dec00000,0x00000007dec00000)
  from space 7680K, 80% used [0x00000007df380000,0x00000007df98c010,0x00000007dfb00000)
  to   space 7680K, 0% used [0x00000007dec00000,0x00000007dec00000,0x00000007df380000)
 ParOldGen       total 83968K, used 4801K [0x0000000785000000, 0x000000078a200000, 0x00000007d7000000)
  object space 83968K, 5% used [0x0000000785000000,0x00000007854b0760,0x000000078a200000)
 PSPermGen       total 23552K, used 23540K [0x000000077aa00000, 0x000000077c100000, 0x0000000785000000)
  object space 23552K, 99% used [0x000000077aa00000,0x000000077c0fd098,0x000000077c100000)
Event: 5.453 GC heap after
Heap after GC invocations=7 (full 0):
 PSYoungGen      total 134656K, used 4928K [0x00000007d7000000, 0x00000007e7700000, 0x0000000800000000)
  eden space 126976K, 0% used [0x00000007d7000000,0x00000007d7000000,0x00000007dec00000)
  from space 7680K, 64% used [0x00000007dec00000,0x00000007df0d0000,0x00000007df380000)
  to   space 7680K, 0% used [0x00000007e6f80000,0x00000007e6f80000,0x00000007e7700000)
 ParOldGen       total 83968K, used 7981K [0x0000000785000000, 0x000000078a200000, 0x00000007d7000000)
  object space 83968K, 9% used [0x0000000785000000,0x00000007857cb608,0x000000078a200000)
 PSPermGen       total 23552K, used 23540K [0x000000077aa00000, 0x000000077c100000, 0x0000000785000000)
  object space 23552K, 99% used [0x000000077aa00000,0x000000077c0fd098,0x000000077c100000)
}
Event: 5.632 GC heap before
{Heap before GC invocations=8 (full 0):
 PSYoungGen      total 134656K, used 131904K [0x00000007d7000000, 0x00000007e7700000, 0x0000000800000000)
  eden space 126976K, 100% used [0x00000007d7000000,0x00000007dec00000,0x00000007dec00000)
  from space 7680K, 64% used [0x00000007dec00000,0x00000007df0d0000,0x00000007df380000)
  to   space 7680K, 0% used [0x00000007e6f80000,0x00000007e6f80000,0x00000007e7700000)
 ParOldGen       total 83968K, used 7981K [0x0000000785000000, 0x000000078a200000, 0x00000007d7000000)
  object space 83968K, 9% used [0x0000000785000000,0x00000007857cb608,0x000000078a200000)
 PSPermGen       total 25600K, used 25338K [0x000000077aa00000, 0x000000077c300000, 0x0000000785000000)
  object space 25600K, 98% used [0x000000077aa00000,0x000000077c2be9f8,0x000000077c300000)
Event: 5.640 GC heap after
Heap after GC invocations=8 (full 0):
 PSYoungGen      total 261120K, used 2336K [0x00000007d7000000, 0x00000007e7800000, 0x0000000800000000)
  eden space 253440K, 0% used [0x00000007d7000000,0x00000007d7000000,0x00000007e6780000)
  from space 7680K, 30% used [0x00000007e6f80000,0x00000007e71c8000,0x00000007e7700000)
  to   space 8192K, 0% used [0x00000007e6780000,0x00000007e6780000,0x00000007e6f80000)
 ParOldGen       total 83968K, used 9884K [0x0000000785000000, 0x000000078a200000, 0x00000007d7000000)
  object space 83968K, 11% used [0x0000000785000000,0x00000007859a70e8,0x000000078a200000)
 PSPermGen       total 25600K, used 25338K [0x000000077aa00000, 0x000000077c300000, 0x0000000785000000)
  object space 25600K, 98% used [0x000000077aa00000,0x000000077c2be9f8,0x000000077c300000)
}
Event: 5.815 GC heap before
{Heap before GC invocations=9 (full 0):
 PSYoungGen      total 261120K, used 255776K [0x00000007d7000000, 0x00000007e7800000, 0x0000000800000000)
  eden space 253440K, 100% used [0x00000007d7000000,0x00000007e6780000,0x00000007e6780000)
  from space 7680K, 30% used [0x00000007e6f80000,0x00000007e71c8000,0x00000007e7700000)
  to   space 8192K, 0% used [0x00000007e6780000,0x00000007e6780000,0x00000007e6f80000)
 ParOldGen       total 83968K, used 9884K [0x0000000785000000, 0x000000078a200000, 0x00000007d7000000)
  object space 83968K, 11% used [0x0000000785000000,0x00000007859a70e8,0x000000078a200000)
 PSPermGen       total 25600K, used 25338K [0x000000077aa00000, 0x000000077c300000, 0x0000000785000000)
  object space 25600K, 98% used [0x000000077aa00000,0x000000077c2bea98,0x000000077c300000)
Event: 5.822 GC heap after
Heap after GC invocations=9 (full 0):
 PSYoungGen      total 261632K, used 5536K [0x00000007d7000000, 0x00000007f0b00000, 0x0000000800000000)
  eden space 253440K, 0% used [0x00000007d7000000,0x00000007d7000000,0x00000007e6780000)
  from space 8192K, 67% used [0x00000007e6780000,0x00000007e6ce8000,0x00000007e6f80000)
  to   space 7680K, 0% used [0x00000007f0380000,0x00000007f0380000,0x00000007f0b00000)
 ParOldGen       total 83968K, used 9956K [0x0000000785000000, 0x000000078a200000, 0x00000007d7000000)
  object space 83968K, 11% used [0x0000000785000000,0x00000007859b90e8,0x000000078a200000)
 PSPermGen       total 25600K, used 25338K [0x000000077aa00000, 0x000000077c300000, 0x0000000785000000)
  object space 25600K, 98% used [0x000000077aa00000,0x000000077c2bea98,0x000000077c300000)
}
Event: 6.114 GC heap before
{Heap before GC invocations=10 (full 0):
 PSYoungGen      total 261632K, used 258976K [0x00000007d7000000, 0x00000007f0b00000, 0x0000000800000000)
  eden space 253440K, 100% used [0x00000007d7000000,0x00000007e6780000,0x00000007e6780000)
  from space 8192K, 67% used [0x00000007e6780000,0x00000007e6ce8000,0x00000007e6f80000)
  to   space 7680K, 0% used [0x00000007f0380000,0x00000007f0380000,0x00000007f0b00000)
 ParOldGen       total 83968K, used 9956K [0x0000000785000000, 0x000000078a200000, 0x00000007d7000000)
  object space 83968K, 11% used [0x0000000785000000,0x00000007859b90e8,0x000000078a200000)
 PSPermGen       total 25600K, used 25355K [0x000000077aa00000, 0x000000077c300000, 0x0000000785000000)
  object space 25600K, 99% used [0x000000077aa00000,0x000000077c2c2d38,0x000000077c300000)
Event: 6.125 GC heap after
Heap after GC invocations=10 (full 0):
 PSYoungGen      total 412672K, used 6368K [0x00000007d7000000, 0x00000007f0c00000, 0x0000000800000000)
  eden space 404992K, 0% used [0x00000007d7000000,0x00000007d7000000,0x00000007efb80000)
  from space 7680K, 82% used [0x00000007f0380000,0x00000007f09b8000,0x00000007f0b00000)
  to   space 8192K, 0% used [0x00000007efb80000,0x00000007efb80000,0x00000007f0380000)
 ParOldGen       total 83968K, used 12092K [0x0000000785000000, 0x000000078a200000, 0x00000007d7000000)
  object space 83968K, 14% used [0x0000000785000000,0x0000000785bcf0e8,0x000000078a200000)
 PSPermGen       total 25600K, used 25355K [0x000000077aa00000, 0x000000077c300000, 0x0000000785000000)
  object space 25600K, 99% used [0x000000077aa00000,0x000000077c2c2d38,0x000000077c300000)
}
Event: 6.436 GC heap before
{Heap before GC invocations=11 (full 0):
 PSYoungGen      total 412672K, used 411360K [0x00000007d7000000, 0x00000007f0c00000, 0x0000000800000000)
  eden space 404992K, 100% used [0x00000007d7000000,0x00000007efb80000,0x00000007efb80000)
  from space 7680K, 82% used [0x00000007f0380000,0x00000007f09b8000,0x00000007f0b00000)
  to   space 8192K, 0% used [0x00000007efb80000,0x00000007efb80000,0x00000007f0380000)
 ParOldGen       total 83968K, used 12092K [0x0000000785000000, 0x000000078a200000, 0x00000007d7000000)
  object space 83968K, 14% used [0x0000000785000000,0x0000000785bcf0e8,0x000000078a200000)
 PSPermGen       total 25600K, used 25363K [0x000000077aa00000, 0x000000077c300000, 0x0000000785000000)
  object space 25600K, 99% used [0x000000077aa00000,0x000000077c2c4c30,0x000000077c300000)

